[debug] [2021-11-13T03:11:03.905Z] ----------------------------------------------------------------------
[debug] [2021-11-13T03:11:03.911Z] Command:       C:\Program Files\nodejs\node.exe C:\Users\23470\AppData\Roaming\npm\node_modules\firebase-tools\lib\bin\firebase.js init
[debug] [2021-11-13T03:11:03.912Z] CLI Version:   9.20.0
[debug] [2021-11-13T03:11:03.913Z] Platform:      win32
[debug] [2021-11-13T03:11:03.913Z] Node Version:  v14.17.2
[debug] [2021-11-13T03:11:03.915Z] Time:          Sat Nov 13 2021 04:11:03 GMT+0100 (West Africa Standard Time)
[debug] [2021-11-13T03:11:03.915Z] ----------------------------------------------------------------------
[debug] 
[debug] [2021-11-13T03:11:04.085Z] > command requires scopes: ["email","openid","https://www.googleapis.com/auth/cloudplatformprojects.readonly","https://www.googleapis.com/auth/firebase","https://www.googleapis.com/auth/cloud-platform"]
[debug] [2021-11-13T03:11:04.085Z] > authorizing via signed-in user (ukaemmanuel200@gmail.com)
[info] 
     ######## #### ########  ######## ########     ###     ######  ########
     ##        ##  ##     ## ##       ##     ##  ##   ##  ##       ##
     ######    ##  ########  ######   ########  #########  ######  ######
     ##        ##  ##    ##  ##       ##     ## ##     ##       ## ##
     ##       #### ##     ## ######## ########  ##     ##  ######  ########

You're about to initialize a Firebase project in this directory:

  C:\Users\23470\linkedin-clone-yt

Before we get started, keep in mind:

  * You are initializing within an existing Firebase project directory

[info] 
=== Project Setup
[info] 
[info] First, let's associate this project directory with a Firebase project.
[info] You can create multiple project aliases by running firebase use --add, 
[info] but for now we'll just set up a default project.
[info] 
[info] i  .firebaserc already has a default project, using linkedin-clone-yt-64a28. 
[debug] [2021-11-13T03:11:12.618Z] >>> [apiv2][query] GET https://firebase.googleapis.com/v1beta1/projects/linkedin-clone-yt-64a28 [none]
[debug] [2021-11-13T03:11:13.230Z] <<< [apiv2][status] GET https://firebase.googleapis.com/v1beta1/projects/linkedin-clone-yt-64a28 200
[debug] [2021-11-13T03:11:13.231Z] <<< [apiv2][body] GET https://firebase.googleapis.com/v1beta1/projects/linkedin-clone-yt-64a28 {"projectId":"linkedin-clone-yt-64a28","projectNumber":"299100254164","displayName":"linkedin-clone-yt","name":"projects/linkedin-clone-yt-64a28","resources":{"hostingSite":"linkedin-clone-yt-64a28","storageBucket":"linkedin-clone-yt-64a28.appspot.com","locationId":"us-central"},"state":"ACTIVE"}
[info] 
=== Hosting Setup
[info] 
[info] Your public directory is the folder (relative to your project directory) that
[info] will contain Hosting assets to be uploaded with firebase deploy. If you
[info] have a build process for your assets, use your build's output directory.
[info] 
